<?xml version="1.0" encoding="UTF-8"?>
<testsuite xmlns:xsi="http://www.w3.org/2001/XMLSchema-instance" xsi:noNamespaceSchemaLocation="https://maven.apache.org/surefire/maven-surefire-plugin/xsd/surefire-test-report.xsd" name="al.tonikolaba.entity.PlayerSaveTest" time="0.001" tests="5" errors="0" skipped="0" failures="0">
  <properties>
[...]
</properties>
  <testcase name="PlayerSave" classname="al.tonikolaba.entity.PlayerSaveTest" time="0"/>
  <testcase name="getTime" classname="al.tonikolaba.entity.PlayerSaveTest" time="0"/>
  <testcase name="init" classname="al.tonikolaba.entity.PlayerSaveTest" time="0"/>
  <testcase name="getHealth" classname="al.tonikolaba.entity.PlayerSaveTest" time="0"/>
  <testcase name="getLives" classname="al.tonikolaba.entity.PlayerSaveTest" time="0"/>
</testsuite>