<?xml version="1.0" encoding="UTF-8"?>
<testsuite xmlns:xsi="http://www.w3.org/2001/XMLSchema-instance" xsi:noNamespaceSchemaLocation="https://maven.apache.org/surefire/maven-surefire-plugin/xsd/surefire-test-report.xsd" name="al.tonikolaba.entity.EnemyProjectileTest" time="0.121" tests="4" errors="0" skipped="0" failures="0">
  <properties>
[...]
</properties>
  <testcase name="testShouldRemove" classname="al.tonikolaba.entity.EnemyProjectileTest" time="0.094"/>
  <testcase name="testSetHitAndRemove" classname="al.tonikolaba.entity.EnemyProjectileTest" time="0"/>
  <testcase name="testGetDamage" classname="al.tonikolaba.entity.EnemyProjectileTest" time="0.015"/>
  <testcase name="testUpdate" classname="al.tonikolaba.entity.EnemyProjectileTest" time="0"/>
</testsuite>